  Video-recording.cpp
D:\C++\Video-recording\src\Video-recording\Video-recording.cpp(11,40): error C2653: Graphics: не является именем класса или пространства имен
D:\C++\Video-recording\src\Video-recording\Video-recording.cpp(11,33): error C2065: TBitmap: необъявленный идентификатор
D:\C++\Video-recording\src\Video-recording\Video-recording.cpp(11,14): error C2923: std::auto_ptr: "TBitmap" не является допустимым аргументом типа шаблон для параметра "_Ty"
D:\C++\Video-recording\src\Video-recording\Video-recording.cpp(11,67): error C2653: Graphics: не является именем класса или пространства имен
D:\C++\Video-recording\src\Video-recording\Video-recording.cpp(11,67): error C2061: синтаксическая ошибка: идентификатор "TBitmap"
D:\C++\Video-recording\src\Video-recording\Video-recording.cpp(11,68): error C2514: "std::auto_ptr": невозможно создать шаблон класса.
D:\Visual\VC\Tools\MSVC\14.26.28801\include\memory(482): message : см. объявление "std::auto_ptr"
D:\C++\Video-recording\src\Video-recording\Video-recording.cpp(12,23): error C2065: TGIFImage: необъявленный идентификатор
D:\C++\Video-recording\src\Video-recording\Video-recording.cpp(12,14): error C2923: std::auto_ptr: "TGIFImage" не является допустимым аргументом типа шаблон для параметра "_Ty"
D:\C++\Video-recording\src\Video-recording\Video-recording.cpp(12,51): error C2061: синтаксическая ошибка: идентификатор "TGIFImage"
D:\C++\Video-recording\src\Video-recording\Video-recording.cpp(12,52): error C2514: "std::auto_ptr": невозможно создать шаблон класса.
D:\Visual\VC\Tools\MSVC\14.26.28801\include\memory(482): message : см. объявление "std::auto_ptr"
D:\C++\Video-recording\src\Video-recording\Video-recording.cpp(14,12): error C2678: бинарный "->": не найден оператор, принимающий левый операнд типа "std::auto_ptr" (или приемлемое преобразование отсутствует)
D:\Visual\VC\Tools\MSVC\14.26.28801\include\memory(542,21): message : может быть "_Ty *std::auto_ptr<_Ty>::operator ->(void) noexcept const"
D:\C++\Video-recording\src\Video-recording\Video-recording.cpp(14,12): message : при попытке сопоставить список аргументов "(std::auto_ptr)"
D:\C++\Video-recording\src\Video-recording\Video-recording.cpp(14,26): error C2039: "LoadFromFile": не является членом "std::auto_ptr".
D:\Visual\VC\Tools\MSVC\14.26.28801\include\memory(482): message : см. объявление "std::auto_ptr"
D:\C++\Video-recording\src\Video-recording\Video-recording.cpp(14,43): error C2065: Application: необъявленный идентификатор
D:\C++\Video-recording\src\Video-recording\Video-recording.cpp(14,27): error C3861: ExtractFilePath: идентификатор не найден
D:\C++\Video-recording\src\Video-recording\Video-recording.cpp(15,12): error C2678: бинарный "->": не найден оператор, принимающий левый операнд типа "std::auto_ptr" (или приемлемое преобразование отсутствует)
D:\Visual\VC\Tools\MSVC\14.26.28801\include\memory(542,21): message : может быть "_Ty *std::auto_ptr<_Ty>::operator ->(void) noexcept const"
D:\C++\Video-recording\src\Video-recording\Video-recording.cpp(15,12): message : при попытке сопоставить список аргументов "(std::auto_ptr)"
D:\C++\Video-recording\src\Video-recording\Video-recording.cpp(15,26): error C2039: "Transparent": не является членом "std::auto_ptr".
D:\Visual\VC\Tools\MSVC\14.26.28801\include\memory(482): message : см. объявление "std::auto_ptr"
D:\C++\Video-recording\src\Video-recording\Video-recording.cpp(16,12): error C2678: бинарный "->": не найден оператор, принимающий левый операнд типа "std::auto_ptr" (или приемлемое преобразование отсутствует)
D:\Visual\VC\Tools\MSVC\14.26.28801\include\memory(542,21): message : может быть "_Ty *std::auto_ptr<_Ty>::operator ->(void) noexcept const"
D:\C++\Video-recording\src\Video-recording\Video-recording.cpp(16,12): message : при попытке сопоставить список аргументов "(std::auto_ptr)"
D:\C++\Video-recording\src\Video-recording\Video-recording.cpp(16,17): error C2039: "Add": не является членом "std::auto_ptr".
D:\Visual\VC\Tools\MSVC\14.26.28801\include\memory(482): message : см. объявление "std::auto_ptr"
D:\C++\Video-recording\src\Video-recording\Video-recording.cpp(16,26): error C2662: _Ty *std::auto_ptr<_Ty>::get(void) noexcept const: невозможно преобразовать указатель "this" из "std::auto_ptr" в "const std::auto_ptr<_Ty> &"
D:\C++\Video-recording\src\Video-recording\Video-recording.cpp(16,26): message : Причина: невозможно преобразовать "std::auto_ptr" в "const std::auto_ptr<_Ty>"
D:\C++\Video-recording\src\Video-recording\Video-recording.cpp(16,18): message : Для преобразования требуется второй оператор пользовательского преобразования или конструктор
D:\Visual\VC\Tools\MSVC\14.26.28801\include\memory(550,21): message : см. объявление "std::auto_ptr<_Ty>::get"
D:\C++\Video-recording\src\Video-recording\Video-recording.cpp(17,12): error C2678: бинарный "->": не найден оператор, принимающий левый операнд типа "std::auto_ptr" (или приемлемое преобразование отсутствует)
D:\Visual\VC\Tools\MSVC\14.26.28801\include\memory(542,21): message : может быть "_Ty *std::auto_ptr<_Ty>::operator ->(void) noexcept const"
D:\C++\Video-recording\src\Video-recording\Video-recording.cpp(17,12): message : при попытке сопоставить список аргументов "(std::auto_ptr)"
D:\C++\Video-recording\src\Video-recording\Video-recording.cpp(17,26): error C2039: "LoadFromFile": не является членом "std::auto_ptr".
D:\Visual\VC\Tools\MSVC\14.26.28801\include\memory(482): message : см. объявление "std::auto_ptr"
D:\C++\Video-recording\src\Video-recording\Video-recording.cpp(17,43): error C2065: Application: необъявленный идентификатор
D:\C++\Video-recording\src\Video-recording\Video-recording.cpp(17,27): error C3861: ExtractFilePath: идентификатор не найден
D:\C++\Video-recording\src\Video-recording\Video-recording.cpp(18,12): error C2678: бинарный "->": не найден оператор, принимающий левый операнд типа "std::auto_ptr" (или приемлемое преобразование отсутствует)
D:\Visual\VC\Tools\MSVC\14.26.28801\include\memory(542,21): message : может быть "_Ty *std::auto_ptr<_Ty>::operator ->(void) noexcept const"
D:\C++\Video-recording\src\Video-recording\Video-recording.cpp(18,12): message : при попытке сопоставить список аргументов "(std::auto_ptr)"
D:\C++\Video-recording\src\Video-recording\Video-recording.cpp(18,26): error C2039: "Transparent": не является членом "std::auto_ptr".
D:\Visual\VC\Tools\MSVC\14.26.28801\include\memory(482): message : см. объявление "std::auto_ptr"
D:\C++\Video-recording\src\Video-recording\Video-recording.cpp(19,12): error C2678: бинарный "->": не найден оператор, принимающий левый операнд типа "std::auto_ptr" (или приемлемое преобразование отсутствует)
D:\Visual\VC\Tools\MSVC\14.26.28801\include\memory(542,21): message : может быть "_Ty *std::auto_ptr<_Ty>::operator ->(void) noexcept const"
D:\C++\Video-recording\src\Video-recording\Video-recording.cpp(19,12): message : при попытке сопоставить список аргументов "(std::auto_ptr)"
D:\C++\Video-recording\src\Video-recording\Video-recording.cpp(19,17): error C2039: "Add": не является членом "std::auto_ptr".
D:\Visual\VC\Tools\MSVC\14.26.28801\include\memory(482): message : см. объявление "std::auto_ptr"
D:\C++\Video-recording\src\Video-recording\Video-recording.cpp(19,26): error C2662: _Ty *std::auto_ptr<_Ty>::get(void) noexcept const: невозможно преобразовать указатель "this" из "std::auto_ptr" в "const std::auto_ptr<_Ty> &"
D:\C++\Video-recording\src\Video-recording\Video-recording.cpp(19,26): message : Причина: невозможно преобразовать "std::auto_ptr" в "const std::auto_ptr<_Ty>"
D:\C++\Video-recording\src\Video-recording\Video-recording.cpp(19,18): message : Для преобразования требуется второй оператор пользовательского преобразования или конструктор
D:\Visual\VC\Tools\MSVC\14.26.28801\include\memory(550,21): message : см. объявление "std::auto_ptr<_Ty>::get"
D:\C++\Video-recording\src\Video-recording\Video-recording.cpp(21,9): error C2065: TGIFAppExtNSLoop: необъявленный идентификатор
D:\C++\Video-recording\src\Video-recording\Video-recording.cpp(21,27): error C2065: loop: необъявленный идентификатор
D:\C++\Video-recording\src\Video-recording\Video-recording.cpp(21,54): error C2061: синтаксическая ошибка: идентификатор "TGIFAppExtNSLoop"
D:\C++\Video-recording\src\Video-recording\Video-recording.cpp(22,9): error C2065: loop: необъявленный идентификатор
D:\C++\Video-recording\src\Video-recording\Video-recording.cpp(23,12): error C2678: бинарный "->": не найден оператор, принимающий левый операнд типа "std::auto_ptr" (или приемлемое преобразование отсутствует)
D:\Visual\VC\Tools\MSVC\14.26.28801\include\memory(542,21): message : может быть "_Ty *std::auto_ptr<_Ty>::operator ->(void) noexcept const"
D:\C++\Video-recording\src\Video-recording\Video-recording.cpp(23,12): message : при попытке сопоставить список аргументов "(std::auto_ptr)"
D:\C++\Video-recording\src\Video-recording\Video-recording.cpp(23,29): error C2039: "AnimationSpeed": не является членом "std::auto_ptr".
D:\Visual\VC\Tools\MSVC\14.26.28801\include\memory(482): message : см. объявление "std::auto_ptr"
D:\C++\Video-recording\src\Video-recording\Video-recording.cpp(24,12): error C2678: бинарный "->": не найден оператор, принимающий левый операнд типа "std::auto_ptr" (или приемлемое преобразование отсутствует)
D:\Visual\VC\Tools\MSVC\14.26.28801\include\memory(542,21): message : может быть "_Ty *std::auto_ptr<_Ty>::operator ->(void) noexcept const"
D:\C++\Video-recording\src\Video-recording\Video-recording.cpp(24,12): message : при попытке сопоставить список аргументов "(std::auto_ptr)"
D:\C++\Video-recording\src\Video-recording\Video-recording.cpp(24,18): error C2039: "Pack": не является членом "std::auto_ptr".
D:\Visual\VC\Tools\MSVC\14.26.28801\include\memory(482): message : см. объявление "std::auto_ptr"
D:\C++\Video-recording\src\Video-recording\Video-recording.cpp(25,12): error C2678: бинарный "->": не найден оператор, принимающий левый операнд типа "std::auto_ptr" (или приемлемое преобразование отсутствует)
D:\Visual\VC\Tools\MSVC\14.26.28801\include\memory(542,21): message : может быть "_Ty *std::auto_ptr<_Ty>::operator ->(void) noexcept const"
D:\C++\Video-recording\src\Video-recording\Video-recording.cpp(25,12): message : при попытке сопоставить список аргументов "(std::auto_ptr)"
D:\C++\Video-recording\src\Video-recording\Video-recording.cpp(25,24): error C2039: "SaveToFile": не является членом "std::auto_ptr".
D:\Visual\VC\Tools\MSVC\14.26.28801\include\memory(482): message : см. объявление "std::auto_ptr"
D:\C++\Video-recording\src\Video-recording\Video-recording.cpp(25,41): error C2065: Application: необъявленный идентификатор
D:\C++\Video-recording\src\Video-recording\Video-recording.cpp(25,25): error C3861: ExtractFilePath: идентификатор не найден
